-------------------------------------------------------------------------------
Test set: sdettraining.AppTest
-------------------------------------------------------------------------------
Tests run: 2, Failures: 0, Errors: 2, Skipped: 0, Time elapsed: 11.395 s <<< FAILURE! - in sdettraining.AppTest
loginTest(sdettraining.AppTest)  Time elapsed: 11.364 s  <<< ERROR!
org.openqa.selenium.WebDriverException: 
Failed to decode response from marionette
Build info: version: '3.7.0', revision: '2321c73', time: '2017-11-02T22:22:35.584Z'
System info: host: 'TIMOTHY', ip: '192.168.56.1', os.name: 'Windows 7', os.arch: 'amd64', os.version: '6.1', java.version: '1.8.0_161'
Driver info: org.openqa.selenium.firefox.FirefoxDriver
Capabilities {acceptInsecureCerts: true, browserName: firefox, browserVersion: 54.0.1, javascriptEnabled: true, moz:accessibilityChecks: false, moz:processID: 73524, moz:profile: C:\Users\owner\AppData\Loca..., pageLoadStrategy: normal, platform: XP, platformName: XP, platformVersion: 6.1, rotatable: false, specificationLevel: 0, timeouts: {implicit: 0, pageLoad: 300000, script: 30000}}
Session ID: d69189d7-ef4f-44c4-8cef-b6d4ec1d58a3
*** Element info: {Using=xpath, value=html/body}
	at sdettraining.AppTest.loginTest(AppTest.java:51)

loginTest(sdettraining.AppTest)  Time elapsed: 11.364 s  <<< ERROR!
org.openqa.selenium.SessionNotCreatedException: 
Tried to run command without establishing a connection
Build info: version: '3.7.0', revision: '2321c73', time: '2017-11-02T22:22:35.584Z'
System info: host: 'TIMOTHY', ip: '192.168.56.1', os.name: 'Windows 7', os.arch: 'amd64', os.version: '6.1', java.version: '1.8.0_161'
Driver info: org.openqa.selenium.firefox.FirefoxDriver
Capabilities {acceptInsecureCerts: true, browserName: firefox, browserVersion: 54.0.1, javascriptEnabled: true, moz:accessibilityChecks: false, moz:processID: 73524, moz:profile: C:\Users\owner\AppData\Loca..., pageLoadStrategy: normal, platform: XP, platformName: XP, platformVersion: 6.1, rotatable: false, specificationLevel: 0, timeouts: {implicit: 0, pageLoad: 300000, script: 30000}}
Session ID: d69189d7-ef4f-44c4-8cef-b6d4ec1d58a3
	at sdettraining.AppTest.tearDown(AppTest.java:34)

